  HeaderFiles.cpp
  FunctionsAndVariables.cpp
  Gra.cpp
  MainMenuState.cpp
D:\VisualStudio\SFML\KartoTrawa\MainMenuState.cpp(11,42): warning C4244: "argument": konwersja z "float" do "unsigned int", możliwa utrata danych
D:\VisualStudio\SFML\KartoTrawa\MainMenuState.cpp(18,45): warning C4244: "argument": konwersja z "float" do "unsigned int", możliwa utrata danych
D:\VisualStudio\SFML\KartoTrawa\MainMenuState.cpp(24,42): warning C4244: "argument": konwersja z "float" do "unsigned int", możliwa utrata danych
D:\VisualStudio\SFML\KartoTrawa\MainMenuState.cpp(30,49): warning C4244: "argument": konwersja z "float" do "unsigned int", możliwa utrata danych
D:\VisualStudio\SFML\KartoTrawa\MainMenuState.cpp(36,47): warning C4244: "argument": konwersja z "float" do "unsigned int", możliwa utrata danych
D:\VisualStudio\SFML\KartoTrawa\MainMenuState.cpp(42,37): warning C4244: "argument": konwersja z "float" do "unsigned int", możliwa utrata danych
D:\VisualStudio\SFML\KartoTrawa\MainMenuState.cpp(171,70): warning C4244: "=": konwersja z "T" do "short", możliwa utrata danych
          with
          [
              T=float
          ]
D:\VisualStudio\SFML\KartoTrawa\MainMenuState.cpp(186,102): warning C4244: "argument": konwersja z "T" do "T", możliwa utrata danych
          with
          [
              T=int
          ]
          and
          [
              T=float
          ]
D:\VisualStudio\SFML\KartoTrawa\MainMenuState.cpp(186,69): warning C4244: "argument": konwersja z "T" do "T", możliwa utrata danych
          with
          [
              T=int
          ]
          and
          [
              T=float
          ]
D:\VisualStudio\SFML\KartoTrawa\MainMenuState.cpp(256,66): warning C4244: "argument": konwersja z "T" do "T", możliwa utrata danych
          with
          [
              T=int
          ]
          and
          [
              T=float
          ]
D:\VisualStudio\SFML\KartoTrawa\MainMenuState.cpp(256,33): warning C4244: "argument": konwersja z "T" do "T", możliwa utrata danych
          with
          [
              T=int
          ]
          and
          [
              T=float
          ]
D:\VisualStudio\SFML\KartoTrawa\MainMenuState.cpp(261,66): warning C4244: "argument": konwersja z "T" do "T", możliwa utrata danych
          with
          [
              T=int
          ]
          and
          [
              T=float
          ]
D:\VisualStudio\SFML\KartoTrawa\MainMenuState.cpp(261,33): warning C4244: "argument": konwersja z "T" do "T", możliwa utrata danych
          with
          [
              T=int
          ]
          and
          [
              T=float
          ]
  State.cpp
  VisualizationState.cpp
  main.cpp
  Generowanie kodu...
  KartoTrawa.vcxproj -> D:\VisualStudio\SFML\KartoTrawa\x64\Debug\KartoTrawa.exe
